11:54:08.181 INFO [main] org.lenskit.cli.Main: Starting LensKit 3.0-M1 on Java 1.8.0_131 from Oracle Corporation
11:54:08.366 DEBUG [main] org.lenskit.LenskitInfo: have 5573 active revisions
11:54:08.377 DEBUG [main] org.lenskit.cli.Main: Built from Git revision c0210fa3281ef8b15b0959bcd5fced43c5fec38a
11:54:08.377 DEBUG [main] org.lenskit.cli.Main: Using VM 'OpenJDK 64-Bit Server VM' version 25.131-b11 from Oracle Corporation
11:54:08.378 INFO [main] org.lenskit.cli.Main: Have 4 processors and heap limit of 852 MiB
11:54:08.457 INFO [main] org.lenskit.cli.util.RecommenderLoader: creating fresh recommender
11:54:09.147 INFO [main] org.lenskit.config.ConfigurationLoader: loading script from file:/home/mahendra/Downloads/cbf-assignment/etc/weighted.groovy
11:54:10.383 DEBUG [main] org.lenskit.data.dao.file.TextEntitySource: loading source ratings with base URI file:/home/mahendra/Downloads/cbf-assignment/data/movielens.yml
11:54:10.384 DEBUG [main] org.lenskit.data.dao.file.TextEntitySource: resolved file URI: file:/home/mahendra/Downloads/cbf-assignment/data/ratings.csv
11:54:10.440 INFO [main] org.lenskit.data.dao.file.TextEntitySource: loading text file source ratings to read from file:/home/mahendra/Downloads/cbf-assignment/data/ratings.csv
11:54:10.452 DEBUG [main] org.lenskit.data.dao.file.TextEntitySource: ratings: using delimiter ,
11:54:10.452 DEBUG [main] org.lenskit.data.dao.file.TextEntitySource: ratings: reading header
11:54:10.452 DEBUG [main] org.lenskit.data.dao.file.TextEntitySource: ratings: reading entities of type EntityType[rating]
11:54:10.513 DEBUG [main] org.lenskit.data.dao.file.TextEntitySource: class org.lenskit.data.ratings.RatingBuilder: using entity builder {}
11:54:10.513 DEBUG [main] org.lenskit.data.dao.file.TextEntitySource: loading source movies with base URI file:/home/mahendra/Downloads/cbf-assignment/data/movielens.yml
11:54:10.513 DEBUG [main] org.lenskit.data.dao.file.TextEntitySource: resolved file URI: file:/home/mahendra/Downloads/cbf-assignment/data/movies.csv
11:54:10.513 INFO [main] org.lenskit.data.dao.file.TextEntitySource: loading text file source movies to read from file:/home/mahendra/Downloads/cbf-assignment/data/movies.csv
11:54:10.514 DEBUG [main] org.lenskit.data.dao.file.TextEntitySource: movies: using delimiter ,
11:54:10.514 DEBUG [main] org.lenskit.data.dao.file.TextEntitySource: movies: reading header
11:54:10.514 DEBUG [main] org.lenskit.data.dao.file.TextEntitySource: movies: reading entities of type EntityType[item]
11:54:10.514 DEBUG [main] org.lenskit.data.dao.file.TextEntitySource: class org.lenskit.data.entities.BasicEntityBuilder: using entity builder {}
11:54:10.515 DEBUG [main] org.lenskit.data.dao.file.TextEntitySource: loading source tags with base URI file:/home/mahendra/Downloads/cbf-assignment/data/movielens.yml
11:54:10.515 DEBUG [main] org.lenskit.data.dao.file.TextEntitySource: resolved file URI: file:/home/mahendra/Downloads/cbf-assignment/data/tags.csv
11:54:10.515 INFO [main] org.lenskit.data.dao.file.TextEntitySource: loading text file source tags to read from file:/home/mahendra/Downloads/cbf-assignment/data/tags.csv
11:54:10.515 DEBUG [main] org.lenskit.data.dao.file.TextEntitySource: tags: using delimiter ,
11:54:10.515 DEBUG [main] org.lenskit.data.dao.file.TextEntitySource: tags: reading header
11:54:10.515 DEBUG [main] org.lenskit.data.dao.file.TextEntitySource: tags: reading entities of type EntityType[item-tag]
11:54:10.540 DEBUG [main] org.lenskit.data.dao.file.TextEntitySource: class org.lenskit.data.entities.BasicEntityBuilder: using entity builder {}
11:54:10.575 DEBUG [main] org.lenskit.LenskitRecommenderEngineBuilder: building graph from 3 configurations
11:54:10.782 DEBUG [main] org.lenskit.inject.RecommenderInstantiator: replacing nodes in graph with 14 nodes
11:54:10.804 DEBUG [main] org.lenskit.inject.RecommenderInstantiator: found 4 shared nodes
11:54:14.426 INFO [main] org.lenskit.data.dao.file.StaticDataSource: deriving entity type EntityType[user] from EntityType[rating] (column TypedName[user: long])
11:54:14.724 INFO [main] org.lenskit.data.dao.file.StaticDataSource: deriving entity type EntityType[item] from EntityType[rating] (column TypedName[item: long])
11:54:14.871 INFO [main] org.lenskit.data.dao.file.StaticDataSource: deriving entity type EntityType[user] from EntityType[item-tag] (column TypedName[user: long])
11:54:14.961 INFO [main] org.lenskit.data.dao.file.StaticDataSource: deriving entity type EntityType[item] from EntityType[item-tag] (column TypedName[item: long])
11:54:15.005 DEBUG [main] org.lenskit.data.entities.EntityCollectionBuilder: built collection of 2500 entities with type EntityType[item] and 2 indexes
11:54:15.090 DEBUG [main] org.lenskit.data.entities.EntityCollectionBuilder: built collection of 264505 entities with type EntityType[rating] and 2 indexes
11:54:15.120 DEBUG [main] org.lenskit.data.entities.EntityCollectionBuilder: built collection of 94875 entities with type EntityType[item-tag] and 2 indexes
11:54:15.121 DEBUG [main] org.lenskit.data.entities.EntityCollectionBuilder: built collection of 862 entities with type EntityType[user] and 2 indexes
11:54:15.137 INFO [main] org.lenskit.mooc.cbf.TFIDFModelProvider: Building TF-IDF model
11:54:15.408 INFO [main] org.lenskit.mooc.cbf.TFIDFModelProvider: Computed TF vectors for 2500 items
11:54:15.616 DEBUG [main] org.lenskit.inject.RecommenderInstantiator: final graph has 14 nodes
11:54:15.632 INFO [main] org.lenskit.cli.util.RecommenderLoader: built recommender in 5.057 s
11:54:15.661 INFO [main] org.lenskit.cli.commands.Recommend: recommending for 1 users
11:54:15.695 DEBUG [main] org.lenskit.basic.TopNItemRecommender: computing effective candidates for user 320 from 2500 candidates and 62 excluded items
11:54:15.706 DEBUG [main] org.lenskit.basic.TopNItemRecommender: Computing 10 recommendations for user 320 from 2438 candidates
11:54:16.434 INFO [main] org.lenskit.cli.commands.Recommend: recommended for 1 users in 766.8 ms
11:54:16.434 INFO [main] org.lenskit.cli.Main: If you use LensKit in published research, please see http://lenskit.org/research/
